<?xml version="1.0" encoding="utf-8"?><testsuites name="pytest tests"><testsuite name="pytest" errors="0" failures="0" skipped="0" tests="16" time="2.752" timestamp="2026-05-20T06:14:48.122136+00:00" hostname="agent-env-e531a28a-dfe6-4a61-8292-fd7db6f7027b"><testcase classname="backend.tests.test_feature_toggles_and_nav.TestFeaturesAPI" name="test_get_all_features_public" time="0.220" /><testcase classname="backend.tests.test_feature_toggles_and_nav.TestFeaturesAPI" name="test_get_features_authenticated" time="0.473" /><testcase classname="backend.tests.test_feature_toggles_and_nav.TestFeaturesAPI" name="test_get_feature_analytics_dashboard" time="0.106" /><testcase classname="backend.tests.test_feature_toggles_and_nav.TestFeaturesAPI" name="test_get_feature_video_conferencing" time="0.176" /><testcase classname="backend.tests.test_feature_toggles_and_nav.TestFeaturesAPI" name="test_get_feature_marketing_campaigns" time="0.107" /><testcase classname="backend.tests.test_feature_toggles_and_nav.TestFeaturesAPI" name="test_get_feature_lead_intake_hub" time="0.117" /><testcase classname="backend.tests.test_feature_toggles_and_nav.TestFeaturesAPI" name="test_get_feature_patient_portal" time="0.142" /><testcase classname="backend.tests.test_feature_toggles_and_nav.TestFeaturesAPI" name="test_get_feature_doctors_directory" time="0.101" /><testcase classname="backend.tests.test_feature_toggles_and_nav.TestFeaturesAPI" name="test_get_feature_fax_center" time="0.105" /><testcase classname="backend.tests.test_feature_toggles_and_nav.TestFeaturesAPI" name="test_get_feature_officeally_integration" time="0.154" /><testcase classname="backend.tests.test_feature_toggles_and_nav.TestFeaturesAPI" name="test_save_and_restore_features" time="0.446" /><testcase classname="backend.tests.test_feature_toggles_and_nav.TestFeaturesAPI" name="test_save_features_requires_auth" time="0.112" /><testcase classname="backend.tests.test_feature_toggles_and_nav.TestFeaturesAPI" name="test_all_features_present_in_response" time="0.099" /><testcase classname="backend.tests.test_feature_toggles_and_nav.TestVideoMeetingsAPI" name="test_list_meetings_returns_200" time="0.101" /><testcase classname="backend.tests.test_feature_toggles_and_nav.TestVideoMeetingsAPI" name="test_create_meeting_returns_200" time="0.105" /><testcase classname="backend.tests.test_feature_toggles_and_nav.TestVideoMeetingsAPI" name="test_create_meeting_missing_title_returns_error" time="0.100" /></testsuite></testsuites>