<?xml version="1.0" encoding="utf-8"?><testsuites name="pytest tests"><testsuite name="pytest" errors="0" failures="1" skipped="0" tests="8" time="4.549" timestamp="2026-05-16T22:46:51.579959+00:00" hostname="agent-env-d8e9b3e0-254b-4ee5-bc5f-c03b1c25f4c7"><testcase classname="backend.tests.test_get_started_leads.TestPublicLeadsEndpoint" name="test_valid_submission_without_tcpa" time="0.806"><failure message="AssertionError: Expected 200 but got 422: {&quot;detail&quot;:&quot;TCPA consent is required&quot;}&#10;assert 422 == 200&#10; +  where 422 = &lt;Response [422]&gt;.status_code">backend/tests/test_get_started_leads.py:46: in test_valid_submission_without_tcpa
    assert response.status_code == 200, f"Expected 200 but got {response.status_code}: {response.text}"
E   AssertionError: Expected 200 but got 422: {"detail":"TCPA consent is required"}
E   assert 422 == 200
E    +  where 422 = &lt;Response [422]&gt;.status_code</failure></testcase><testcase classname="backend.tests.test_get_started_leads.TestPublicLeadsEndpoint" name="test_valid_submission_with_tcpa" time="0.812" /><testcase classname="backend.tests.test_get_started_leads.TestPublicLeadsEndpoint" name="test_missing_first_name_returns_422" time="0.105" /><testcase classname="backend.tests.test_get_started_leads.TestPublicLeadsEndpoint" name="test_missing_phone_returns_422" time="0.099" /><testcase classname="backend.tests.test_get_started_leads.TestPublicLeadsEndpoint" name="test_missing_consent_contact_returns_422" time="0.098" /><testcase classname="backend.tests.test_get_started_leads.TestPublicLeadsEndpoint" name="test_honeypot_bot_protection" time="0.135" /><testcase classname="backend.tests.test_get_started_leads.TestPublicLeadsEndpoint" name="test_all_pain_locations" time="1.370" /><testcase classname="backend.tests.test_get_started_leads.TestPublicLeadsEndpoint" name="test_all_insurance_types" time="1.022" /></testsuite></testsuites>