<?xml version="1.0" encoding="utf-8"?><testsuites name="pytest tests"><testsuite name="pytest" errors="0" failures="0" skipped="0" tests="18" time="2.597" timestamp="2026-05-16T16:11:50.790765+00:00" hostname="agent-env-05412d22-546c-4115-af9b-a707ec87a507"><testcase classname="backend.tests.test_insurance_integration.TestWaystarAuthProtection" name="test_waystar_status_without_token_returns_403" time="0.148" /><testcase classname="backend.tests.test_insurance_integration.TestWaystarAuthProtection" name="test_waystar_status_with_valid_token_returns_200" time="0.437" /><testcase classname="backend.tests.test_insurance_integration.TestWaystarAuthProtection" name="test_waystar_config_without_token_returns_403" time="0.112" /><testcase classname="backend.tests.test_insurance_integration.TestWaystarAuthProtection" name="test_waystar_eligibility_check_without_token" time="0.111" /><testcase classname="backend.tests.test_insurance_integration.TestWaystarAuthProtection" name="test_waystar_logs_without_token" time="0.103" /><testcase classname="backend.tests.test_insurance_integration.TestAvailityAuthProtection" name="test_availity_status_without_token_returns_403" time="0.106" /><testcase classname="backend.tests.test_insurance_integration.TestAvailityAuthProtection" name="test_availity_status_with_valid_token_returns_200" time="0.108" /><testcase classname="backend.tests.test_insurance_integration.TestAvailityAuthProtection" name="test_availity_config_without_token_returns_403" time="0.103" /><testcase classname="backend.tests.test_insurance_integration.TestWaystarLogsEndpoint" name="test_waystar_logs_correct_url" time="0.103" /><testcase classname="backend.tests.test_insurance_integration.TestWaystarLogsEndpoint" name="test_waystar_activity_logs_url_mismatch" time="0.113" /><testcase classname="backend.tests.test_insurance_integration.TestWaystarLogsEndpoint" name="test_availity_logs_correct_url" time="0.123" /><testcase classname="backend.tests.test_insurance_integration.TestWaystarLogsEndpoint" name="test_availity_activity_logs_url_mismatch" time="0.111" /><testcase classname="backend.tests.test_insurance_integration.TestFeatureToggle" name="test_get_features_without_auth" time="0.104" /><testcase classname="backend.tests.test_insurance_integration.TestFeatureToggle" name="test_get_features_with_auth" time="0.102" /><testcase classname="backend.tests.test_insurance_integration.TestFeatureToggle" name="test_toggle_availity_feature_on" time="0.215" /><testcase classname="backend.tests.test_insurance_integration.TestFeatureToggle" name="test_verify_features_toggled_on" time="0.107" /><testcase classname="backend.tests.test_insurance_integration.TestFeatureToggle" name="test_reset_features_to_default" time="0.217" /><testcase classname="backend.tests.test_insurance_integration.TestLeadsAPI" name="test_get_leads" time="0.105" /></testsuite></testsuites>