<?xml version="1.0" encoding="utf-8"?><testsuites name="pytest tests"><testsuite name="pytest" errors="0" failures="0" skipped="0" tests="23" time="3.837" timestamp="2026-05-16T22:12:51.898148+00:00" hostname="agent-env-d8e9b3e0-254b-4ee5-bc5f-c03b1c25f4c7"><testcase classname="backend.tests.test_location_generator_v2.TestAuth" name="test_login_success" time="0.547" /><testcase classname="backend.tests.test_location_generator_v2.TestAuth" name="test_unauthenticated_request_blocked" time="0.116" /><testcase classname="backend.tests.test_location_generator_v2.TestSiteSettings" name="test_get_site_settings" time="0.476" /><testcase classname="backend.tests.test_location_generator_v2.TestSiteSettings" name="test_site_settings_no_id_field" time="0.117" /><testcase classname="backend.tests.test_location_generator_v2.TestLocationsMeta" name="test_get_locations_meta" time="0.122" /><testcase classname="backend.tests.test_location_generator_v2.TestLocationsMeta" name="test_locations_meta_has_50_states" time="0.143" /><testcase classname="backend.tests.test_location_generator_v2.TestLocationsMeta" name="test_locations_meta_item_fields" time="0.124" /><testcase classname="backend.tests.test_location_generator_v2.TestLocationsMeta" name="test_unauthenticated_locations_meta_blocked" time="0.102" /><testcase classname="backend.tests.test_location_generator_v2.TestPageGenerators" name="test_list_generators_empty_or_existing" time="0.108" /><testcase classname="backend.tests.test_location_generator_v2.TestPageGenerators" name="test_create_generator" time="0.114" /><testcase classname="backend.tests.test_location_generator_v2.TestPageGenerators" name="test_get_created_generator" time="0.120" /><testcase classname="backend.tests.test_location_generator_v2.TestPageGenerators" name="test_list_generators_count_increased" time="0.110" /><testcase classname="backend.tests.test_location_generator_v2.TestPageGenerators" name="test_patch_generator" time="0.113" /><testcase classname="backend.tests.test_location_generator_v2.TestPageGenerators" name="test_get_generator_stats" time="0.117" /><testcase classname="backend.tests.test_location_generator_v2.TestPageGenerators" name="test_generator_pages_list_empty" time="0.131" /><testcase classname="backend.tests.test_location_generator_v2.TestPageGenerators" name="test_get_nonexistent_generator" time="0.102" /><testcase classname="backend.tests.test_location_generator_v2.TestPageGenerators" name="test_delete_generator_and_verify" time="0.217" /><testcase classname="backend.tests.test_location_generator_v2.TestGeneratorValidation" name="test_duplicate_name_rejected" time="0.314" /><testcase classname="backend.tests.test_location_generator_v2.TestGeneratorValidation" name="test_missing_name_rejected" time="0.106" /><testcase classname="backend.tests.test_location_generator_v2.TestGeneratorValidation" name="test_missing_type_rejected" time="0.108" /><testcase classname="backend.tests.test_location_generator_v2.TestAvailablePages" name="test_get_available_pages" time="0.107" /><testcase classname="backend.tests.test_location_generator_v2.TestPublicPages" name="test_public_coverage_areas_accessible" time="0.111" /><testcase classname="backend.tests.test_location_generator_v2.TestPublicPages" name="test_coverage_areas_sitemap" time="0.103" /></testsuite></testsuites>