<?xml version="1.0" encoding="utf-8"?><testsuites name="pytest tests"><testsuite name="pytest" errors="0" failures="0" skipped="0" tests="18" time="4.095" timestamp="2026-05-27T23:24:59.770794+00:00" hostname="agent-env-e8ab94fd-658f-4a7b-a5ca-3e12567517f4"><testcase classname="backend.tests.test_plugin_installer.TestPluginListEndpoint" name="test_get_plugins_unauthenticated" time="0.186" /><testcase classname="backend.tests.test_plugin_installer.TestPluginListEndpoint" name="test_get_plugins_authenticated" time="0.458" /><testcase classname="backend.tests.test_plugin_installer.TestPluginListEndpoint" name="test_get_plugins_response_structure" time="0.105" /><testcase classname="backend.tests.test_plugin_installer.TestPluginPreviewEndpoint" name="test_preview_unauthenticated" time="0.134" /><testcase classname="backend.tests.test_plugin_installer.TestPluginPreviewEndpoint" name="test_preview_valid_bundle" time="0.107" /><testcase classname="backend.tests.test_plugin_installer.TestPluginPreviewEndpoint" name="test_preview_file_details" time="0.114" /><testcase classname="backend.tests.test_plugin_installer.TestPluginPreviewEndpoint" name="test_preview_missing_id" time="0.124" /><testcase classname="backend.tests.test_plugin_installer.TestPluginPreviewEndpoint" name="test_preview_already_installed_flag" time="0.105" /><testcase classname="backend.tests.test_plugin_installer.TestPluginInstallEndpoint" name="test_install_unauthenticated" time="0.112" /><testcase classname="backend.tests.test_plugin_installer.TestPluginInstallEndpoint" name="test_install_missing_id" time="0.127" /><testcase classname="backend.tests.test_plugin_installer.TestPluginInstallEndpoint" name="test_install_valid_bundle" time="0.261" /><testcase classname="backend.tests.test_plugin_installer.TestPluginInstallEndpoint" name="test_install_appears_in_list" time="0.129" /><testcase classname="backend.tests.test_plugin_installer.TestPluginInstallEndpoint" name="test_preview_shows_already_installed" time="0.264" /><testcase classname="backend.tests.test_plugin_installer.TestPluginDeleteEndpoint" name="test_delete_unauthenticated" time="0.108" /><testcase classname="backend.tests.test_plugin_installer.TestPluginDeleteEndpoint" name="test_delete_nonexistent_plugin" time="0.112" /><testcase classname="backend.tests.test_plugin_installer.TestPluginDeleteEndpoint" name="test_delete_installed_plugin" time="0.225" /><testcase classname="backend.tests.test_plugin_installer.TestPluginDeleteEndpoint" name="test_delete_plugin_removed_from_list" time="0.453" /><testcase classname="backend.tests.test_plugin_installer.TestPluginEndToEndFlow" name="test_full_lifecycle" time="0.903" /></testsuite></testsuites>