<?xml version="1.0" encoding="utf-8"?><testsuites name="pytest tests"><testsuite name="pytest" errors="0" failures="0" skipped="0" tests="18" time="42.244" timestamp="2026-05-20T05:59:44.242053+00:00" hostname="agent-env-e531a28a-dfe6-4a61-8292-fd7db6f7027b"><testcase classname="backend.tests.test_webrtc_video_rooms.TestVideoRoomMeetingsCRUD" name="test_list_meetings_returns_200" time="11.829" /><testcase classname="backend.tests.test_webrtc_video_rooms.TestVideoRoomMeetingsCRUD" name="test_list_meetings_without_auth" time="0.113" /><testcase classname="backend.tests.test_webrtc_video_rooms.TestVideoRoomMeetingsCRUD" name="test_get_existing_meeting" time="0.143" /><testcase classname="backend.tests.test_webrtc_video_rooms.TestVideoRoomMeetingsCRUD" name="test_get_meeting_engine_is_webrtc" time="0.111" /><testcase classname="backend.tests.test_webrtc_video_rooms.TestVideoRoomMeetingsCRUD" name="test_get_nonexistent_meeting_returns_404" time="0.110" /><testcase classname="backend.tests.test_webrtc_video_rooms.TestVideoRoomMeetingsCRUD" name="test_create_meeting_webrtc" time="0.110" /><testcase classname="backend.tests.test_webrtc_video_rooms.TestVideoRoomMeetingsCRUD" name="test_create_meeting_with_scheduled_at" time="0.117" /><testcase classname="backend.tests.test_webrtc_video_rooms.TestVideoRoomMeetingsCRUD" name="test_create_meeting_without_scheduled_at_is_active" time="0.111" /><testcase classname="backend.tests.test_webrtc_video_rooms.TestVideoRoomMeetingsCRUD" name="test_meeting_has_correct_structure" time="0.104" /><testcase classname="backend.tests.test_webrtc_video_rooms.TestJoinToken" name="test_get_join_token_for_existing_meeting" time="0.116" /><testcase classname="backend.tests.test_webrtc_video_rooms.TestJoinToken" name="test_join_token_for_nonexistent_meeting_returns_404" time="0.112" /><testcase classname="backend.tests.test_webrtc_video_rooms.TestGeminiDiagnose" name="test_diagnose_returns_200_with_valid_symptoms" time="7.308" /><testcase classname="backend.tests.test_webrtc_video_rooms.TestGeminiDiagnose" name="test_diagnose_returns_structured_content" time="8.439" /><testcase classname="backend.tests.test_webrtc_video_rooms.TestGeminiDiagnose" name="test_diagnose_with_context_field" time="10.842" /><testcase classname="backend.tests.test_webrtc_video_rooms.TestGeminiDiagnose" name="test_diagnose_missing_symptoms_returns_422" time="0.165" /><testcase classname="backend.tests.test_webrtc_video_rooms.TestGeminiDiagnose" name="test_diagnose_empty_symptoms_accepted" time="2.285" /><testcase classname="backend.tests.test_webrtc_video_rooms.TestWebSocketSignaling" name="test_websocket_endpoint_url_construction" time="0.000" /><testcase classname="backend.tests.test_webrtc_video_rooms.TestWebSocketSignaling" name="test_websocket_invalid_role_rejected" time="0.136" /></testsuite></testsuites>