<?xml version="1.0" encoding="utf-8"?><testsuites name="pytest tests"><testsuite name="pytest" errors="0" failures="0" skipped="0" tests="20" time="24.321" timestamp="2026-05-20T07:04:36.789227+00:00" hostname="agent-env-94a35795-104b-4ec0-89db-f67eb13e3aca"><testcase classname="backend.tests.test_webrtc_video_rooms.TestVideoRoomMeetingsCRUD" name="test_list_meetings_returns_200" time="0.558" /><testcase classname="backend.tests.test_webrtc_video_rooms.TestVideoRoomMeetingsCRUD" name="test_list_meetings_without_auth" time="0.137" /><testcase classname="backend.tests.test_webrtc_video_rooms.TestVideoRoomMeetingsCRUD" name="test_get_existing_meeting" time="0.247" /><testcase classname="backend.tests.test_webrtc_video_rooms.TestVideoRoomMeetingsCRUD" name="test_get_meeting_engine_is_webrtc" time="0.129" /><testcase classname="backend.tests.test_webrtc_video_rooms.TestVideoRoomMeetingsCRUD" name="test_get_nonexistent_meeting_returns_404" time="0.166" /><testcase classname="backend.tests.test_webrtc_video_rooms.TestVideoRoomMeetingsCRUD" name="test_create_meeting_webrtc" time="0.115" /><testcase classname="backend.tests.test_webrtc_video_rooms.TestVideoRoomMeetingsCRUD" name="test_create_meeting_with_scheduled_at" time="0.109" /><testcase classname="backend.tests.test_webrtc_video_rooms.TestVideoRoomMeetingsCRUD" name="test_create_meeting_without_scheduled_at_is_active" time="0.108" /><testcase classname="backend.tests.test_webrtc_video_rooms.TestVideoRoomMeetingsCRUD" name="test_meeting_has_correct_structure" time="0.126" /><testcase classname="backend.tests.test_webrtc_video_rooms.TestJoinToken" name="test_get_join_token_for_existing_meeting" time="0.110" /><testcase classname="backend.tests.test_webrtc_video_rooms.TestJoinToken" name="test_join_token_for_nonexistent_meeting_returns_404" time="0.134" /><testcase classname="backend.tests.test_webrtc_video_rooms.TestGeminiDiagnose" name="test_diagnose_returns_200_with_valid_symptoms" time="6.458" /><testcase classname="backend.tests.test_webrtc_video_rooms.TestGeminiDiagnose" name="test_diagnose_returns_structured_content" time="6.686" /><testcase classname="backend.tests.test_webrtc_video_rooms.TestGeminiDiagnose" name="test_diagnose_with_context_field" time="5.771" /><testcase classname="backend.tests.test_webrtc_video_rooms.TestGeminiDiagnose" name="test_diagnose_missing_symptoms_returns_422" time="0.156" /><testcase classname="backend.tests.test_webrtc_video_rooms.TestGeminiDiagnose" name="test_diagnose_empty_symptoms_accepted" time="2.364" /><testcase classname="backend.tests.test_webrtc_video_rooms.TestWebSocketSignaling" name="test_websocket_endpoint_url_construction" time="0.000" /><testcase classname="backend.tests.test_webrtc_video_rooms.TestWebSocketSignaling" name="test_websocket_connect_as_host" time="0.183" /><testcase classname="backend.tests.test_webrtc_video_rooms.TestWebSocketSignaling" name="test_websocket_invalid_role_rejected" time="0.190" /><testcase classname="backend.tests.test_webrtc_video_rooms.TestWebSocketSignaling" name="test_websocket_ended_meeting_rejected" time="0.477" /></testsuite></testsuites>